[2022-02-10T09:31:50+08:00][error] [1045]SQLSTATE[HY000] [1045] Access denied for user 'root'@'localhost' (using password: YES)[/www/wwwroot/api.xuxx.in/vendor/topthink/think-orm/src/db/PDOConnection.php:568]
[2022-02-10T09:31:56+08:00][error] [1045]SQLSTATE[HY000] [1045] Access denied for user 'root'@'localhost' (using password: YES)[/www/wwwroot/api.xuxx.in/vendor/topthink/think-orm/src/db/PDOConnection.php:568]
[2022-02-10T20:24:30+08:00][error] [410000]请登录[/www/wwwroot/api.xuxx.in/app/services/system/admin/AdminAuthServices.php:64]
[2022-02-10T20:24:30+08:00][error] [410000]请登录[/www/wwwroot/api.xuxx.in/app/services/system/admin/AdminAuthServices.php:64]
[2022-02-10T20:24:30+08:00][error] [410000]请登录[/www/wwwroot/api.xuxx.in/app/services/system/admin/AdminAuthServices.php:64]
[2022-02-10T20:24:30+08:00][error] [410000]请登录[/www/wwwroot/api.xuxx.in/app/services/system/admin/AdminAuthServices.php:64]
[2022-02-10T20:24:30+08:00][error] [410000]请登录[/www/wwwroot/api.xuxx.in/app/services/system/admin/AdminAuthServices.php:64]
[2022-02-10T20:24:30+08:00][error] [410000]请登录[/www/wwwroot/api.xuxx.in/app/services/system/admin/AdminAuthServices.php:64]
[2022-02-10T20:24:30+08:00][error] [410000]请登录[/www/wwwroot/api.xuxx.in/app/services/system/admin/AdminAuthServices.php:64]
[2022-02-10T20:24:54+08:00][error] [410000]请登录[/www/wwwroot/api.xuxx.in/app/services/system/admin/AdminAuthServices.php:64]
[2022-02-10T20:26:20+08:00][error] [8]Use of undefined constant AUTHORIZATION_EXTACT - assumed 'AUTHORIZATION_EXTACT'[/www/wwwroot/api.xuxx.in/crmeb/basic/BaseController.php:106]
[2022-02-10T20:26:20+08:00][error] [8]Use of undefined constant AUTHORIZATION_EXTACT - assumed 'AUTHORIZATION_EXTACT'[/www/wwwroot/api.xuxx.in/crmeb/basic/BaseController.php:106]
[2022-02-10T21:03:17+08:00][error] [0]Class app\services\app\AppServices does not exist[/www/wwwroot/api.xuxx.in/vendor/topthink/framework/src/think/Container.php:442]
[2022-02-10T21:39:43+08:00][error] [410000]请登录[/www/wwwroot/api.xuxx.in/app/services/system/admin/AdminAuthServices.php:64]
[2022-02-10T21:39:43+08:00][error] [410000]请登录[/www/wwwroot/api.xuxx.in/app/services/system/admin/AdminAuthServices.php:64]
[2022-02-10T21:39:43+08:00][error] [410000]请登录[/www/wwwroot/api.xuxx.in/app/services/system/admin/AdminAuthServices.php:64]
[2022-02-10T21:39:43+08:00][error] [410000]请登录[/www/wwwroot/api.xuxx.in/app/services/system/admin/AdminAuthServices.php:64]
[2022-02-10T21:39:43+08:00][error] [410000]请登录[/www/wwwroot/api.xuxx.in/app/services/system/admin/AdminAuthServices.php:64]
[2022-02-10T21:39:43+08:00][error] [410000]请登录[/www/wwwroot/api.xuxx.in/app/services/system/admin/AdminAuthServices.php:64]
[2022-02-10T21:39:43+08:00][error] [410000]请登录[/www/wwwroot/api.xuxx.in/app/services/system/admin/AdminAuthServices.php:64]
[2022-02-10T21:39:43+08:00][error] [410000]请登录[/www/wwwroot/api.xuxx.in/app/services/system/admin/AdminAuthServices.php:64]
[2022-02-10T21:40:04+08:00][error] [8]Use of undefined constant AUTHORIZATION_EXTACT - assumed 'AUTHORIZATION_EXTACT'[/www/wwwroot/api.xuxx.in/crmeb/basic/BaseController.php:106]
[2022-02-10T21:40:05+08:00][error] [8]Use of undefined constant AUTHORIZATION_EXTACT - assumed 'AUTHORIZATION_EXTACT'[/www/wwwroot/api.xuxx.in/crmeb/basic/BaseController.php:106]
[2022-02-10T22:15:23+08:00][error] [8]Undefined property: app\api\controller\v1\PublicController::$services[/www/wwwroot/api.xuxx.in/app/api/controller/v1/PublicController.php:145]
