[2022-02-12T10:21:58+08:00][error] [8]Undefined variable: num[/www/wwwroot/api.xuxx.in/app/api/controller/v1/LoginController.php:246]
[2022-02-12T10:21:58+08:00][error] [8]Undefined variable: num[/www/wwwroot/api.xuxx.in/app/api/controller/v1/LoginController.php:246]
[2022-02-12T10:22:03+08:00][error] [8]Undefined variable: num[/www/wwwroot/api.xuxx.in/app/api/controller/v1/LoginController.php:246]
[2022-02-12T10:22:08+08:00][error] [8]Undefined variable: num[/www/wwwroot/api.xuxx.in/app/api/controller/v1/LoginController.php:246]
[2022-02-12T10:22:17+08:00][error] [8]Undefined variable: num[/www/wwwroot/api.xuxx.in/app/api/controller/v1/LoginController.php:246]
[2022-02-12T10:22:20+08:00][error] [8]Undefined variable: num[/www/wwwroot/api.xuxx.in/app/api/controller/v1/LoginController.php:246]
[2022-02-12T10:22:44+08:00][error] [8]Undefined variable: num[/www/wwwroot/api.xuxx.in/app/api/controller/v1/LoginController.php:246]
[2022-02-12T10:22:44+08:00][error] [8]Undefined variable: num[/www/wwwroot/api.xuxx.in/app/api/controller/v1/LoginController.php:246]
[2022-02-12T10:22:44+08:00][error] [8]Undefined variable: num[/www/wwwroot/api.xuxx.in/app/api/controller/v1/LoginController.php:246]
[2022-02-12T10:22:44+08:00][error] [8]Undefined variable: num[/www/wwwroot/api.xuxx.in/app/api/controller/v1/LoginController.php:246]
[2022-02-12T10:22:56+08:00][error] [8]Undefined variable: num[/www/wwwroot/api.xuxx.in/app/api/controller/v1/LoginController.php:246]
[2022-02-12T10:23:07+08:00][error] [8]Undefined variable: num[/www/wwwroot/api.xuxx.in/app/api/controller/v1/LoginController.php:246]
[2022-02-12T10:23:09+08:00][error] [8]Undefined variable: num[/www/wwwroot/api.xuxx.in/app/api/controller/v1/LoginController.php:246]
[2022-02-12T10:23:10+08:00][error] [8]Undefined variable: num[/www/wwwroot/api.xuxx.in/app/api/controller/v1/LoginController.php:246]
[2022-02-12T10:23:10+08:00][error] [8]Undefined variable: num[/www/wwwroot/api.xuxx.in/app/api/controller/v1/LoginController.php:246]
[2022-02-12T10:23:10+08:00][error] [8]Undefined variable: num[/www/wwwroot/api.xuxx.in/app/api/controller/v1/LoginController.php:246]
[2022-02-12T10:39:32+08:00][error] [8]Undefined variable: num[/www/wwwroot/api.xuxx.in/app/api/controller/v1/LoginController.php:246]
[2022-02-12T10:39:35+08:00][error] [8]Undefined variable: num[/www/wwwroot/api.xuxx.in/app/api/controller/v1/LoginController.php:246]
[2022-02-12T10:39:42+08:00][error] [8]Undefined variable: num[/www/wwwroot/api.xuxx.in/app/api/controller/v1/LoginController.php:246]
[2022-02-12T10:39:45+08:00][error] [8]Undefined variable: num[/www/wwwroot/api.xuxx.in/app/api/controller/v1/LoginController.php:246]
[2022-02-12T10:39:57+08:00][error] [8]Undefined variable: num[/www/wwwroot/api.xuxx.in/app/api/controller/v1/LoginController.php:246]
[2022-02-12T10:40:04+08:00][error] [8]Undefined variable: num[/www/wwwroot/api.xuxx.in/app/api/controller/v1/LoginController.php:246]
[2022-02-12T10:40:04+08:00][error] [8]Undefined variable: num[/www/wwwroot/api.xuxx.in/app/api/controller/v1/LoginController.php:246]
[2022-02-12T10:40:04+08:00][error] [8]Undefined variable: num[/www/wwwroot/api.xuxx.in/app/api/controller/v1/LoginController.php:246]
[2022-02-12T10:41:38+08:00][error] [8]Undefined variable: num[/www/wwwroot/api.xuxx.in/app/api/controller/v1/LoginController.php:246]
[2022-02-12T11:47:03+08:00][error] [0]管理员不存在![/www/wwwroot/api.xuxx.in/app/services/system/admin/SystemAdminServices.php:64]
[2022-02-12T11:47:34+08:00][error] [0]管理员不存在![/www/wwwroot/api.xuxx.in/app/services/system/admin/SystemAdminServices.php:64]
[2022-02-12T11:47:50+08:00][error] [8]Use of undefined constant AUTHORIZATION_EXTACT - assumed 'AUTHORIZATION_EXTACT'[/www/wwwroot/api.xuxx.in/crmeb/basic/BaseController.php:106]
[2022-02-12T11:47:50+08:00][error] [8]Use of undefined constant AUTHORIZATION_EXTACT - assumed 'AUTHORIZATION_EXTACT'[/www/wwwroot/api.xuxx.in/crmeb/basic/BaseController.php:106]
[2022-02-12T16:06:13+08:00][error] [8]Undefined variable: num[/www/wwwroot/api.xuxx.in/app/api/controller/v1/LoginController.php:246]
[2022-02-12T16:07:26+08:00][error] [8]Undefined variable: num[/www/wwwroot/api.xuxx.in/app/api/controller/v1/LoginController.php:246]
[2022-02-12T16:10:12+08:00][error] [8]Undefined variable: num[/www/wwwroot/api.xuxx.in/app/api/controller/v1/LoginController.php:246]
[2022-02-12T16:14:12+08:00][error] [8]Undefined variable: num[/www/wwwroot/api.xuxx.in/app/api/controller/v1/LoginController.php:246]
[2022-02-12T16:15:08+08:00][error] [8]Undefined variable: num[/www/wwwroot/api.xuxx.in/app/api/controller/v1/LoginController.php:246]
[2022-02-12T16:17:04+08:00][error] [8]Undefined variable: num[/www/wwwroot/api.xuxx.in/app/api/controller/v1/LoginController.php:246]
[2022-02-12T16:22:07+08:00][error] [2]A non-numeric value encountered[/www/wwwroot/api.xuxx.in/app/api/controller/v1/LoginController.php:247]
[2022-02-12T16:22:12+08:00][error] [2]A non-numeric value encountered[/www/wwwroot/api.xuxx.in/app/api/controller/v1/LoginController.php:247]
[2022-02-12T16:24:07+08:00][error] [2]A non-numeric value encountered[/www/wwwroot/api.xuxx.in/app/api/controller/v1/LoginController.php:247]
[2022-02-12T16:24:08+08:00][error] [2]A non-numeric value encountered[/www/wwwroot/api.xuxx.in/app/api/controller/v1/LoginController.php:247]
[2022-02-12T16:24:09+08:00][error] [2]A non-numeric value encountered[/www/wwwroot/api.xuxx.in/app/api/controller/v1/LoginController.php:247]
[2022-02-12T16:24:24+08:00][error] [8]Undefined variable: num[/www/wwwroot/api.xuxx.in/app/api/controller/v1/LoginController.php:246]
[2022-02-12T16:24:26+08:00][error] [8]Undefined variable: num[/www/wwwroot/api.xuxx.in/app/api/controller/v1/LoginController.php:246]
[2022-02-12T16:24:28+08:00][error] [8]Undefined variable: num[/www/wwwroot/api.xuxx.in/app/api/controller/v1/LoginController.php:246]
[2022-02-12T16:24:34+08:00][error] [8]Undefined variable: num[/www/wwwroot/api.xuxx.in/app/api/controller/v1/LoginController.php:246]
[2022-02-12T16:24:59+08:00][error] [8]Undefined variable: num[/www/wwwroot/api.xuxx.in/app/api/controller/v1/LoginController.php:246]
[2022-02-12T16:25:14+08:00][error] [8]Undefined variable: num[/www/wwwroot/api.xuxx.in/app/api/controller/v1/LoginController.php:246]
[2022-02-12T16:25:16+08:00][error] [8]Undefined variable: num[/www/wwwroot/api.xuxx.in/app/api/controller/v1/LoginController.php:246]
[2022-02-12T16:25:58+08:00][error] [8]Undefined variable: num[/www/wwwroot/api.xuxx.in/app/api/controller/v1/LoginController.php:246]
[2022-02-12T16:26:04+08:00][error] [8]Undefined variable: num[/www/wwwroot/api.xuxx.in/app/api/controller/v1/LoginController.php:246]
[2022-02-12T16:27:54+08:00][error] [0]Too few arguments to function app\services\user\LoginServices::register(), 4 passed in /www/wwwroot/api.xuxx.in/app/services/user/LoginServices.php on line 248 and at least 6 expected[/www/wwwroot/api.xuxx.in/app/services/user/LoginServices.php:169]
[2022-02-12T16:28:07+08:00][error] [0]Too few arguments to function app\services\user\LoginServices::register(), 4 passed in /www/wwwroot/api.xuxx.in/app/services/user/LoginServices.php on line 248 and at least 6 expected[/www/wwwroot/api.xuxx.in/app/services/user/LoginServices.php:169]
[2022-02-12T16:28:27+08:00][error] [0]Too few arguments to function app\services\user\LoginServices::register(), 4 passed in /www/wwwroot/api.xuxx.in/app/services/user/LoginServices.php on line 248 and at least 6 expected[/www/wwwroot/api.xuxx.in/app/services/user/LoginServices.php:169]
[2022-02-12T16:33:27+08:00][error] [0]Too few arguments to function app\services\user\LoginServices::register(), 4 passed in /www/wwwroot/api.xuxx.in/app/services/user/LoginServices.php on line 248 and at least 6 expected[/www/wwwroot/api.xuxx.in/app/services/user/LoginServices.php:169]
[2022-02-12T16:33:32+08:00][error] [0]Too few arguments to function app\services\user\LoginServices::register(), 4 passed in /www/wwwroot/api.xuxx.in/app/services/user/LoginServices.php on line 248 and at least 6 expected[/www/wwwroot/api.xuxx.in/app/services/user/LoginServices.php:169]
[2022-02-12T16:34:26+08:00][error] [0]Too few arguments to function app\services\user\LoginServices::register(), 4 passed in /www/wwwroot/api.xuxx.in/app/services/user/LoginServices.php on line 249 and at least 6 expected[/www/wwwroot/api.xuxx.in/app/services/user/LoginServices.php:169]
[2022-02-12T16:37:11+08:00][error] [0]Argument 3 passed to app\services\user\LoginServices::register() must be of the type string, integer given, called in /www/wwwroot/api.xuxx.in/app/services/user/LoginServices.php on line 245[/www/wwwroot/api.xuxx.in/app/services/user/LoginServices.php:169]
[2022-02-12T16:41:01+08:00][error] [0]Argument 3 passed to app\services\user\LoginServices::register() must be of the type string, integer given, called in /www/wwwroot/api.xuxx.in/app/services/user/LoginServices.php on line 245[/www/wwwroot/api.xuxx.in/app/services/user/LoginServices.php:169]
[2022-02-12T16:42:11+08:00][error] [0]Too few arguments to function app\services\user\LoginServices::register(), 4 passed in /www/wwwroot/api.xuxx.in/app/services/user/LoginServices.php on line 248 and at least 6 expected[/www/wwwroot/api.xuxx.in/app/services/user/LoginServices.php:169]
[2022-02-12T16:42:48+08:00][error] [0]Too few arguments to function app\services\user\LoginServices::register(), 4 passed in /www/wwwroot/api.xuxx.in/app/services/user/LoginServices.php on line 248 and at least 6 expected[/www/wwwroot/api.xuxx.in/app/services/user/LoginServices.php:169]
[2022-02-12T16:44:06+08:00][error] [0]Too few arguments to function app\services\user\LoginServices::register(), 4 passed in /www/wwwroot/api.xuxx.in/app/services/user/LoginServices.php on line 248 and at least 6 expected[/www/wwwroot/api.xuxx.in/app/services/user/LoginServices.php:169]
[2022-02-12T16:45:35+08:00][error] [0]Too few arguments to function app\services\user\LoginServices::register(), 4 passed in /www/wwwroot/api.xuxx.in/app/services/user/LoginServices.php on line 248 and at least 6 expected[/www/wwwroot/api.xuxx.in/app/services/user/LoginServices.php:169]
[2022-02-12T16:46:04+08:00][error] [0]Argument 2 passed to crmeb\utils\Json::success() must be of the type array or null, string given, called in /www/wwwroot/api.xuxx.in/app/api/controller/v1/LoginController.php on line 386[/www/wwwroot/api.xuxx.in/crmeb/utils/Json.php:55]
[2022-02-12T16:47:01+08:00][error] [8]Undefined variable: num[/www/wwwroot/api.xuxx.in/app/api/controller/v1/LoginController.php:246]
[2022-02-12T16:47:07+08:00][error] [8]Undefined variable: num[/www/wwwroot/api.xuxx.in/app/api/controller/v1/LoginController.php:246]
[2022-02-12T16:47:51+08:00][error] [0]Argument 2 passed to crmeb\utils\Json::success() must be of the type array or null, string given, called in /www/wwwroot/api.xuxx.in/app/api/controller/v1/LoginController.php on line 385[/www/wwwroot/api.xuxx.in/crmeb/utils/Json.php:55]
[2022-02-12T16:51:09+08:00][error] [0]Too few arguments to function app\services\user\LoginServices::register(), 4 passed in /www/wwwroot/api.xuxx.in/app/services/user/LoginServices.php on line 249 and at least 6 expected[/www/wwwroot/api.xuxx.in/app/services/user/LoginServices.php:169]
[2022-02-12T16:51:47+08:00][error] [0]Too few arguments to function app\services\user\LoginServices::register(), 4 passed in /www/wwwroot/api.xuxx.in/app/services/user/LoginServices.php on line 250 and at least 6 expected[/www/wwwroot/api.xuxx.in/app/services/user/LoginServices.php:169]
[2022-02-12T16:52:03+08:00][error] [0]Too few arguments to function app\services\user\LoginServices::register(), 4 passed in /www/wwwroot/api.xuxx.in/app/services/user/LoginServices.php on line 250 and at least 6 expected[/www/wwwroot/api.xuxx.in/app/services/user/LoginServices.php:169]
[2022-02-12T16:57:28+08:00][error] [8]Undefined variable: num[/www/wwwroot/api.xuxx.in/app/api/controller/v1/LoginController.php:246]
[2022-02-12T16:57:36+08:00][error] [8]Undefined variable: num[/www/wwwroot/api.xuxx.in/app/api/controller/v1/LoginController.php:246]
[2022-02-12T16:57:41+08:00][error] [8]Undefined variable: num[/www/wwwroot/api.xuxx.in/app/api/controller/v1/LoginController.php:246]
[2022-02-12T17:47:58+08:00][error] [8]Use of undefined constant AUTHORIZATION_EXTACT - assumed 'AUTHORIZATION_EXTACT'[/www/wwwroot/api.xuxx.in/crmeb/basic/BaseController.php:106]
[2022-02-12T17:47:59+08:00][error] [8]Use of undefined constant AUTHORIZATION_EXTACT - assumed 'AUTHORIZATION_EXTACT'[/www/wwwroot/api.xuxx.in/crmeb/basic/BaseController.php:106]
