[2022-02-16T11:48:21+08:00][error] [8]Use of undefined constant AUTHORIZATION_EXTACT - assumed 'AUTHORIZATION_EXTACT'[/www/wwwroot/api.xuxx.in/crmeb/basic/BaseController.php:106]
[2022-02-16T11:48:21+08:00][error] [8]Use of undefined constant AUTHORIZATION_EXTACT - assumed 'AUTHORIZATION_EXTACT'[/www/wwwroot/api.xuxx.in/crmeb/basic/BaseController.php:106]
[2022-02-16T11:55:57+08:00][error] [0]Class app\dao\product\product\StoreProductDao does not exist[/www/wwwroot/api.xuxx.in/vendor/topthink/framework/src/think/Container.php:442]
[2022-02-16T11:55:57+08:00][error] [0]Class app\dao\product\sku\StoreProductAttrValueDao does not exist[/www/wwwroot/api.xuxx.in/vendor/topthink/framework/src/think/Container.php:442]
[2022-02-16T11:55:57+08:00][error] [0]Class app\dao\product\product\StoreProductLogDao does not exist[/www/wwwroot/api.xuxx.in/vendor/topthink/framework/src/think/Container.php:442]
[2022-02-16T11:55:57+08:00][error] [8]Use of undefined constant AUTHORIZATION_EXTACT - assumed 'AUTHORIZATION_EXTACT'[/www/wwwroot/api.xuxx.in/crmeb/basic/BaseController.php:106]
[2022-02-16T11:55:57+08:00][error] [8]Use of undefined constant AUTHORIZATION_EXTACT - assumed 'AUTHORIZATION_EXTACT'[/www/wwwroot/api.xuxx.in/crmeb/basic/BaseController.php:106]
[2022-02-16T12:07:38+08:00][error] [0]类不存在: app\services\coupon\StoreCouponUserServices[/www/wwwroot/api.xuxx.in/vendor/topthink/framework/src/think/Container.php:376]
[2022-02-16T12:07:42+08:00][error] [0]类不存在: app\services\coupon\StoreCouponUserServices[/www/wwwroot/api.xuxx.in/vendor/topthink/framework/src/think/Container.php:376]
[2022-02-16T12:51:56+08:00][error] [0]类不存在: app\services\product\product\StoreProductLogServices[/www/wwwroot/api.xuxx.in/vendor/topthink/framework/src/think/Container.php:376]
[2022-02-16T12:51:56+08:00][error] [0]类不存在: app\services\product\product\StoreProductServices[/www/wwwroot/api.xuxx.in/vendor/topthink/framework/src/think/Container.php:376]
[2022-02-16T12:51:56+08:00][error] [0]类不存在: app\services\product\sku\StoreProductAttrValueServices[/www/wwwroot/api.xuxx.in/vendor/topthink/framework/src/think/Container.php:376]
[2022-02-16T12:51:56+08:00][error] [8]Use of undefined constant AUTHORIZATION_EXTACT - assumed 'AUTHORIZATION_EXTACT'[/www/wwwroot/api.xuxx.in/crmeb/basic/BaseController.php:106]
[2022-02-16T12:51:56+08:00][error] [8]Use of undefined constant AUTHORIZATION_EXTACT - assumed 'AUTHORIZATION_EXTACT'[/www/wwwroot/api.xuxx.in/crmeb/basic/BaseController.php:106]
[2022-02-16T12:52:06+08:00][error] [0]类不存在: app\services\product\product\StoreProductLogServices[/www/wwwroot/api.xuxx.in/vendor/topthink/framework/src/think/Container.php:376]
[2022-02-16T12:52:06+08:00][error] [0]类不存在: app\services\product\sku\StoreProductAttrValueServices[/www/wwwroot/api.xuxx.in/vendor/topthink/framework/src/think/Container.php:376]
[2022-02-16T12:52:06+08:00][error] [0]类不存在: app\services\product\product\StoreProductServices[/www/wwwroot/api.xuxx.in/vendor/topthink/framework/src/think/Container.php:376]
[2022-02-16T12:52:07+08:00][error] [8]Use of undefined constant AUTHORIZATION_EXTACT - assumed 'AUTHORIZATION_EXTACT'[/www/wwwroot/api.xuxx.in/crmeb/basic/BaseController.php:106]
[2022-02-16T12:52:07+08:00][error] [8]Use of undefined constant AUTHORIZATION_EXTACT - assumed 'AUTHORIZATION_EXTACT'[/www/wwwroot/api.xuxx.in/crmeb/basic/BaseController.php:106]
[2022-02-16T12:53:29+08:00][error] [0]类不存在: app\services\product\product\StoreProductLogServices[/www/wwwroot/api.xuxx.in/vendor/topthink/framework/src/think/Container.php:376]
[2022-02-16T12:53:29+08:00][error] [0]类不存在: app\services\product\product\StoreProductServices[/www/wwwroot/api.xuxx.in/vendor/topthink/framework/src/think/Container.php:376]
[2022-02-16T12:53:29+08:00][error] [0]类不存在: app\services\product\sku\StoreProductAttrValueServices[/www/wwwroot/api.xuxx.in/vendor/topthink/framework/src/think/Container.php:376]
[2022-02-16T12:53:29+08:00][error] [8]Use of undefined constant AUTHORIZATION_EXTACT - assumed 'AUTHORIZATION_EXTACT'[/www/wwwroot/api.xuxx.in/crmeb/basic/BaseController.php:106]
[2022-02-16T12:53:29+08:00][error] [8]Use of undefined constant AUTHORIZATION_EXTACT - assumed 'AUTHORIZATION_EXTACT'[/www/wwwroot/api.xuxx.in/crmeb/basic/BaseController.php:106]
[2022-02-16T12:54:36+08:00][error] [8]Use of undefined constant AUTHORIZATION_EXTACT - assumed 'AUTHORIZATION_EXTACT'[/www/wwwroot/api.xuxx.in/crmeb/basic/BaseController.php:106]
[2022-02-16T12:54:36+08:00][error] [0]类不存在: app\services\product\product\StoreProductServices[/www/wwwroot/api.xuxx.in/vendor/topthink/framework/src/think/Container.php:376]
[2022-02-16T12:54:36+08:00][error] [0]类不存在: app\services\product\sku\StoreProductAttrValueServices[/www/wwwroot/api.xuxx.in/vendor/topthink/framework/src/think/Container.php:376]
[2022-02-16T12:54:36+08:00][error] [8]Use of undefined constant AUTHORIZATION_EXTACT - assumed 'AUTHORIZATION_EXTACT'[/www/wwwroot/api.xuxx.in/crmeb/basic/BaseController.php:106]
[2022-02-16T12:55:09+08:00][error] [0]类不存在: app\services\product\sku\StoreProductAttrValueServices[/www/wwwroot/api.xuxx.in/vendor/topthink/framework/src/think/Container.php:376]
[2022-02-16T12:55:09+08:00][error] [8]Use of undefined constant AUTHORIZATION_EXTACT - assumed 'AUTHORIZATION_EXTACT'[/www/wwwroot/api.xuxx.in/crmeb/basic/BaseController.php:106]
[2022-02-16T12:55:09+08:00][error] [8]Use of undefined constant AUTHORIZATION_EXTACT - assumed 'AUTHORIZATION_EXTACT'[/www/wwwroot/api.xuxx.in/crmeb/basic/BaseController.php:106]
[2022-02-16T12:55:09+08:00][error] [0]类不存在: app\services\product\product\StoreProductServices[/www/wwwroot/api.xuxx.in/vendor/topthink/framework/src/think/Container.php:376]
[2022-02-16T12:55:13+08:00][error] [0]类不存在: app\services\product\sku\StoreProductAttrValueServices[/www/wwwroot/api.xuxx.in/vendor/topthink/framework/src/think/Container.php:376]
[2022-02-16T12:55:13+08:00][error] [8]Use of undefined constant AUTHORIZATION_EXTACT - assumed 'AUTHORIZATION_EXTACT'[/www/wwwroot/api.xuxx.in/crmeb/basic/BaseController.php:106]
[2022-02-16T12:55:13+08:00][error] [8]Use of undefined constant AUTHORIZATION_EXTACT - assumed 'AUTHORIZATION_EXTACT'[/www/wwwroot/api.xuxx.in/crmeb/basic/BaseController.php:106]
[2022-02-16T12:55:13+08:00][error] [0]类不存在: app\services\product\product\StoreProductServices[/www/wwwroot/api.xuxx.in/vendor/topthink/framework/src/think/Container.php:376]
[2022-02-16T12:55:26+08:00][error] [0]类不存在: app\services\product\sku\StoreProductAttrValueServices[/www/wwwroot/api.xuxx.in/vendor/topthink/framework/src/think/Container.php:376]
[2022-02-16T12:55:26+08:00][error] [0]类不存在: app\services\product\product\StoreProductServices[/www/wwwroot/api.xuxx.in/vendor/topthink/framework/src/think/Container.php:376]
[2022-02-16T12:55:26+08:00][error] [8]Use of undefined constant AUTHORIZATION_EXTACT - assumed 'AUTHORIZATION_EXTACT'[/www/wwwroot/api.xuxx.in/crmeb/basic/BaseController.php:106]
[2022-02-16T12:55:26+08:00][error] [8]Use of undefined constant AUTHORIZATION_EXTACT - assumed 'AUTHORIZATION_EXTACT'[/www/wwwroot/api.xuxx.in/crmeb/basic/BaseController.php:106]
[2022-02-16T12:55:45+08:00][error] [0]类不存在: app\services\product\sku\StoreProductAttrValueServices[/www/wwwroot/api.xuxx.in/vendor/topthink/framework/src/think/Container.php:376]
[2022-02-16T12:55:47+08:00][error] [0]类不存在: app\services\product\sku\StoreProductAttrValueServices[/www/wwwroot/api.xuxx.in/vendor/topthink/framework/src/think/Container.php:376]
[2022-02-16T12:55:47+08:00][error] [8]Use of undefined constant AUTHORIZATION_EXTACT - assumed 'AUTHORIZATION_EXTACT'[/www/wwwroot/api.xuxx.in/crmeb/basic/BaseController.php:106]
[2022-02-16T12:55:47+08:00][error] [8]Use of undefined constant AUTHORIZATION_EXTACT - assumed 'AUTHORIZATION_EXTACT'[/www/wwwroot/api.xuxx.in/crmeb/basic/BaseController.php:106]
[2022-02-16T12:55:47+08:00][error] [0]类不存在: app\services\product\product\StoreProductServices[/www/wwwroot/api.xuxx.in/vendor/topthink/framework/src/think/Container.php:376]
[2022-02-16T12:55:56+08:00][error] [0]类不存在: app\services\product\product\StoreProductServices[/www/wwwroot/api.xuxx.in/vendor/topthink/framework/src/think/Container.php:376]
[2022-02-16T12:55:56+08:00][error] [8]Use of undefined constant AUTHORIZATION_EXTACT - assumed 'AUTHORIZATION_EXTACT'[/www/wwwroot/api.xuxx.in/crmeb/basic/BaseController.php:106]
[2022-02-16T12:55:56+08:00][error] [8]Use of undefined constant AUTHORIZATION_EXTACT - assumed 'AUTHORIZATION_EXTACT'[/www/wwwroot/api.xuxx.in/crmeb/basic/BaseController.php:106]
[2022-02-16T12:59:54+08:00][error] [0]Class app\services\shipping\ExpressServices does not exist[/www/wwwroot/api.xuxx.in/vendor/topthink/framework/src/think/Container.php:442]
[2022-02-16T13:00:17+08:00][error] [8]Use of undefined constant AUTHORIZATION_EXTACT - assumed 'AUTHORIZATION_EXTACT'[/www/wwwroot/api.xuxx.in/crmeb/basic/BaseController.php:106]
[2022-02-16T13:00:17+08:00][error] [8]Use of undefined constant AUTHORIZATION_EXTACT - assumed 'AUTHORIZATION_EXTACT'[/www/wwwroot/api.xuxx.in/crmeb/basic/BaseController.php:106]
[2022-02-16T13:03:39+08:00][error] [0]类不存在: app\services\product\product\StoreProductServices[/www/wwwroot/api.xuxx.in/vendor/topthink/framework/src/think/Container.php:376]
[2022-02-16T13:03:39+08:00][error] [8]Use of undefined constant AUTHORIZATION_EXTACT - assumed 'AUTHORIZATION_EXTACT'[/www/wwwroot/api.xuxx.in/crmeb/basic/BaseController.php:106]
[2022-02-16T13:03:39+08:00][error] [8]Use of undefined constant AUTHORIZATION_EXTACT - assumed 'AUTHORIZATION_EXTACT'[/www/wwwroot/api.xuxx.in/crmeb/basic/BaseController.php:106]
[2022-02-16T13:04:04+08:00][error] [0]Class app\services\shipping\ExpressServices does not exist[/www/wwwroot/api.xuxx.in/vendor/topthink/framework/src/think/Container.php:442]
[2022-02-16T13:04:29+08:00][error] [8]Use of undefined constant AUTHORIZATION_EXTACT - assumed 'AUTHORIZATION_EXTACT'[/www/wwwroot/api.xuxx.in/crmeb/basic/BaseController.php:106]
[2022-02-16T13:04:29+08:00][error] [8]Use of undefined constant AUTHORIZATION_EXTACT - assumed 'AUTHORIZATION_EXTACT'[/www/wwwroot/api.xuxx.in/crmeb/basic/BaseController.php:106]
[2022-02-16T14:55:54+08:00][error] [8]Use of undefined constant AUTHORIZATION_EXTACT - assumed 'AUTHORIZATION_EXTACT'[/www/wwwroot/api.xuxx.in/crmeb/basic/BaseController.php:106]
[2022-02-16T14:55:54+08:00][error] [0]类不存在: app\services\product\product\StoreProductServices[/www/wwwroot/api.xuxx.in/vendor/topthink/framework/src/think/Container.php:376]
[2022-02-16T14:55:55+08:00][error] [8]Use of undefined constant AUTHORIZATION_EXTACT - assumed 'AUTHORIZATION_EXTACT'[/www/wwwroot/api.xuxx.in/crmeb/basic/BaseController.php:106]
[2022-02-16T14:56:10+08:00][error] [8]Use of undefined constant AUTHORIZATION_EXTACT - assumed 'AUTHORIZATION_EXTACT'[/www/wwwroot/api.xuxx.in/crmeb/basic/BaseController.php:106]
[2022-02-16T14:56:10+08:00][error] [0]类不存在: app\services\product\product\StoreProductServices[/www/wwwroot/api.xuxx.in/vendor/topthink/framework/src/think/Container.php:376]
[2022-02-16T14:56:10+08:00][error] [8]Use of undefined constant AUTHORIZATION_EXTACT - assumed 'AUTHORIZATION_EXTACT'[/www/wwwroot/api.xuxx.in/crmeb/basic/BaseController.php:106]
[2022-02-16T15:03:02+08:00][error] [0]类不存在: app\services\product\product\StoreProductServices[/www/wwwroot/api.xuxx.in/vendor/topthink/framework/src/think/Container.php:376]
[2022-02-16T15:30:13+08:00][error] [0]类不存在: app\services\product\product\StoreProductServices[/www/wwwroot/api.xuxx.in/vendor/topthink/framework/src/think/Container.php:376]
[2022-02-16T15:41:54+08:00][error] [0]类不存在: app\services\product\product\StoreProductServices[/www/wwwroot/api.xuxx.in/vendor/topthink/framework/src/think/Container.php:376]
[2022-02-16T16:13:47+08:00][error] [8]Use of undefined constant AUTHORIZATION_EXTACT - assumed 'AUTHORIZATION_EXTACT'[/www/wwwroot/api.xuxx.in/crmeb/basic/BaseController.php:106]
[2022-02-16T16:13:47+08:00][error] [0]类不存在: app\services\product\product\StoreProductServices[/www/wwwroot/api.xuxx.in/vendor/topthink/framework/src/think/Container.php:376]
[2022-02-16T16:13:47+08:00][error] [8]Use of undefined constant AUTHORIZATION_EXTACT - assumed 'AUTHORIZATION_EXTACT'[/www/wwwroot/api.xuxx.in/crmeb/basic/BaseController.php:106]
[2022-02-16T16:13:50+08:00][error] [0]类不存在: app\services\product\product\StoreProductServices[/www/wwwroot/api.xuxx.in/vendor/topthink/framework/src/think/Container.php:376]
[2022-02-16T16:13:57+08:00][error] [8]Use of undefined constant AUTHORIZATION_EXTACT - assumed 'AUTHORIZATION_EXTACT'[/www/wwwroot/api.xuxx.in/crmeb/basic/BaseController.php:106]
[2022-02-16T16:13:57+08:00][error] [8]Use of undefined constant AUTHORIZATION_EXTACT - assumed 'AUTHORIZATION_EXTACT'[/www/wwwroot/api.xuxx.in/crmeb/basic/BaseController.php:106]
[2022-02-16T16:14:03+08:00][error] [8]Use of undefined constant AUTHORIZATION_EXTACT - assumed 'AUTHORIZATION_EXTACT'[/www/wwwroot/api.xuxx.in/crmeb/basic/BaseController.php:106]
[2022-02-16T16:14:03+08:00][error] [8]Use of undefined constant AUTHORIZATION_EXTACT - assumed 'AUTHORIZATION_EXTACT'[/www/wwwroot/api.xuxx.in/crmeb/basic/BaseController.php:106]
